<?xml version="1.0" encoding="UTF-8"?>
<testsuite name="ReqRestServices" tests="6" skipped="0" failures="0" errors="0" timestamp="2022-11-02T02:40:37" hostname="LAPTOP-5J0S21BK" time="7.972">
  <properties/>
  <testcase name="helloTestingWorld()" classname="ReqRestServices" time="1.134"/>
  <testcase name="LoginTest()" classname="ReqRestServices" time="4.544"/>
  <testcase name="GetListUser()" classname="ReqRestServices" time="0.523"/>
  <testcase name="PatchUser()" classname="ReqRestServices" time="0.627"/>
  <testcase name="UpdateUser()" classname="ReqRestServices" time="0.59"/>
  <testcase name="deleteUser()" classname="ReqRestServices" time="0.547"/>
  <system-out><![CDATA[Hello Testing Luis HernanRequest method:	POST
Request URI:	https://reqres.in/api/login
Proxy:			<none>
Request params:	<none>
Query params:	<none>
Form params:	<none>
Path params:	<none>
Headers:		Accept=*/*
				Content-Type=application/json
Cookies:		<none>
Multiparts:		<none>
Body:
{
    "email": "eve.holt@reqres.in",
    "password": "cityslicka"
}
Request method:	POST
Request URI:	https://reqres.in/api/login
Proxy:			<none>
Request params:	<none>
Query params:	<none>
Form params:	<none>
Path params:	<none>
Headers:		Accept=*/*
				Content-Type=application/json
Cookies:		<none>
Multiparts:		<none>
Body:
{
    "email": "eve.holt@reqres.in",
    "password": "cityslicka"
}
HTTP/1.1 200 OK
Date: Wed, 02 Nov 2022 02:47:47 GMT
Content-Type: application/json; charset=utf-8
Content-Length: 29
Connection: keep-alive
X-Powered-By: Express
Access-Control-Allow-Origin: *
Etag: W/"1d-lGCrvD6B7Qzk11+2C98+nGhhuec"
Via: 1.1 vegur
CF-Cache-Status: DYNAMIC
Report-To: {"endpoints":[{"url":"https:\/\/a.nel.cloudflare.com\/report\/v3?s=LCKJ6aBg7IO1jmpVoabJjnebrKGlZaibedkCiNgnELV%2Fgo94ULtiE%2BGpdMCOL4aVRvdGxIneDXI0ryUFllPnRSSAjDe8dvpOCxzkb%2B9fkXTvtptHSgJBEvZVtw%3D%3D"}],"group":"cf-nel","max_age":604800}
NEL: {"success_fraction":0,"report_to":"cf-nel","max_age":604800}
Server: cloudflare
CF-RAY: 76398c291e379acf-MIA

{
    "token": "QpwL5tke4Pnpja7X4"
}
HTTP/1.1 200 OK
Date: Wed, 02 Nov 2022 02:47:47 GMT
Content-Type: application/json; charset=utf-8
Content-Length: 29
Connection: keep-alive
X-Powered-By: Express
Access-Control-Allow-Origin: *
Etag: W/"1d-lGCrvD6B7Qzk11+2C98+nGhhuec"
Via: 1.1 vegur
CF-Cache-Status: DYNAMIC
Report-To: {"endpoints":[{"url":"https:\/\/a.nel.cloudflare.com\/report\/v3?s=LCKJ6aBg7IO1jmpVoabJjnebrKGlZaibedkCiNgnELV%2Fgo94ULtiE%2BGpdMCOL4aVRvdGxIneDXI0ryUFllPnRSSAjDe8dvpOCxzkb%2B9fkXTvtptHSgJBEvZVtw%3D%3D"}],"group":"cf-nel","max_age":604800}
NEL: {"success_fraction":0,"report_to":"cf-nel","max_age":604800}
Server: cloudflare
CF-RAY: 76398c291e379acf-MIA

{
    "token": "QpwL5tke4Pnpja7X4"
}
Request method:	GET
Request URI:	https://reqres.in/api/user?page=2
Proxy:			<none>
Request params:	<none>
Query params:	<none>
Form params:	<none>
Path params:	<none>
Headers:		Accept=*/*
				Content-Type=application/json
Cookies:		<none>
Multiparts:		<none>
Body:			<none>
Request method:	GET
Request URI:	https://reqres.in/api/user?page=2
Proxy:			<none>
Request params:	<none>
Query params:	<none>
Form params:	<none>
Path params:	<none>
Headers:		Accept=*/*
				Content-Type=application/json
Cookies:		<none>
Multiparts:		<none>
Body:			<none>
Request method:	GET
Request URI:	https://reqres.in/api/user?page=2
Proxy:			<none>
Request params:	<none>
Query params:	<none>
Form params:	<none>
Path params:	<none>
Headers:		Accept=*/*
				Content-Type=application/json
Cookies:		<none>
Multiparts:		<none>
Body:			<none>
HTTP/1.1 200 OK
Date: Wed, 02 Nov 2022 02:47:49 GMT
Content-Type: application/json; charset=utf-8
Transfer-Encoding: chunked
Connection: keep-alive
X-Powered-By: Express
Access-Control-Allow-Origin: *
Etag: W/"2c3-xEr0SjJUDYJR0qVFNJByQ5ZcdPc"
Via: 1.1 vegur
Cache-Control: max-age=14400
CF-Cache-Status: HIT
Age: 6119
Report-To: {"endpoints":[{"url":"https:\/\/a.nel.cloudflare.com\/report\/v3?s=3vJVWeJdnCe7Lkwcokko0MT6RaIZwwnd7NLC35hBrxAuQp7Mfjfc%2BUixQp4MuxtBEuCTYnP9bYORG%2BYDfC%2Fk5thqgARFYIq%2FtCFQQ7fRqxeF03zaaENn0PBsQg%3D%3D"}],"group":"cf-nel","max_age":604800}
NEL: {"success_fraction":0,"report_to":"cf-nel","max_age":604800}
Vary: Accept-Encoding
Server: cloudflare
CF-RAY: 76398c3588aa8dd3-MIA
Content-Encoding: gzip

{
    "page": 2,
    "per_page": 6,
    "total": 12,
    "total_pages": 2,
    "data": [
        {
            "id": 7,
            "name": "sand dollar",
            "year": 2006,
            "color": "#DECDBE",
            "pantone_value": "13-1106"
        },
        {
            "id": 8,
            "name": "chili pepper",
            "year": 2007,
            "color": "#9B1B30",
            "pantone_value": "19-1557"
        },
        {
            "id": 9,
            "name": "blue iris",
            "year": 2008,
            "color": "#5A5B9F",
            "pantone_value": "18-3943"
        },
        {
            "id": 10,
            "name": "mimosa",
            "year": 2009,
            "color": "#F0C05A",
            "pantone_value": "14-0848"
        },
        {
            "id": 11,
            "name": "turquoise",
            "year": 2010,
            "color": "#45B5AA",
            "pantone_value": "15-5519"
        },
        {
            "id": 12,
            "name": "honeysuckle",
            "year": 2011,
            "color": "#D94F70",
            "pantone_value": "18-2120"
        }
    ],
    "support": {
        "url": "https://reqres.in/#support-heading",
        "text": "To keep ReqRes free, contributions towards server costs are appreciated!"
    }
}
HTTP/1.1 200 OK
Date: Wed, 02 Nov 2022 02:47:49 GMT
Content-Type: application/json; charset=utf-8
Transfer-Encoding: chunked
Connection: keep-alive
X-Powered-By: Express
Access-Control-Allow-Origin: *
Etag: W/"2c3-xEr0SjJUDYJR0qVFNJByQ5ZcdPc"
Via: 1.1 vegur
Cache-Control: max-age=14400
CF-Cache-Status: HIT
Age: 6119
Report-To: {"endpoints":[{"url":"https:\/\/a.nel.cloudflare.com\/report\/v3?s=3vJVWeJdnCe7Lkwcokko0MT6RaIZwwnd7NLC35hBrxAuQp7Mfjfc%2BUixQp4MuxtBEuCTYnP9bYORG%2BYDfC%2Fk5thqgARFYIq%2FtCFQQ7fRqxeF03zaaENn0PBsQg%3D%3D"}],"group":"cf-nel","max_age":604800}
NEL: {"success_fraction":0,"report_to":"cf-nel","max_age":604800}
Vary: Accept-Encoding
Server: cloudflare
CF-RAY: 76398c3588aa8dd3-MIA
Content-Encoding: gzip

{
    "page": 2,
    "per_page": 6,
    "total": 12,
    "total_pages": 2,
    "data": [
        {
            "id": 7,
            "name": "sand dollar",
            "year": 2006,
            "color": "#DECDBE",
            "pantone_value": "13-1106"
        },
        {
            "id": 8,
            "name": "chili pepper",
            "year": 2007,
            "color": "#9B1B30",
            "pantone_value": "19-1557"
        },
        {
            "id": 9,
            "name": "blue iris",
            "year": 2008,
            "color": "#5A5B9F",
            "pantone_value": "18-3943"
        },
        {
            "id": 10,
            "name": "mimosa",
            "year": 2009,
            "color": "#F0C05A",
            "pantone_value": "14-0848"
        },
        {
            "id": 11,
            "name": "turquoise",
            "year": 2010,
            "color": "#45B5AA",
            "pantone_value": "15-5519"
        },
        {
            "id": 12,
            "name": "honeysuckle",
            "year": 2011,
            "color": "#D94F70",
            "pantone_value": "18-2120"
        }
    ],
    "support": {
        "url": "https://reqres.in/#support-heading",
        "text": "To keep ReqRes free, contributions towards server costs are appreciated!"
    }
}
HTTP/1.1 200 OK
Date: Wed, 02 Nov 2022 02:47:49 GMT
Content-Type: application/json; charset=utf-8
Transfer-Encoding: chunked
Connection: keep-alive
X-Powered-By: Express
Access-Control-Allow-Origin: *
Etag: W/"2c3-xEr0SjJUDYJR0qVFNJByQ5ZcdPc"
Via: 1.1 vegur
Cache-Control: max-age=14400
CF-Cache-Status: HIT
Age: 6119
Report-To: {"endpoints":[{"url":"https:\/\/a.nel.cloudflare.com\/report\/v3?s=3vJVWeJdnCe7Lkwcokko0MT6RaIZwwnd7NLC35hBrxAuQp7Mfjfc%2BUixQp4MuxtBEuCTYnP9bYORG%2BYDfC%2Fk5thqgARFYIq%2FtCFQQ7fRqxeF03zaaENn0PBsQg%3D%3D"}],"group":"cf-nel","max_age":604800}
NEL: {"success_fraction":0,"report_to":"cf-nel","max_age":604800}
Vary: Accept-Encoding
Server: cloudflare
CF-RAY: 76398c3588aa8dd3-MIA
Content-Encoding: gzip

{
    "page": 2,
    "per_page": 6,
    "total": 12,
    "total_pages": 2,
    "data": [
        {
            "id": 7,
            "name": "sand dollar",
            "year": 2006,
            "color": "#DECDBE",
            "pantone_value": "13-1106"
        },
        {
            "id": 8,
            "name": "chili pepper",
            "year": 2007,
            "color": "#9B1B30",
            "pantone_value": "19-1557"
        },
        {
            "id": 9,
            "name": "blue iris",
            "year": 2008,
            "color": "#5A5B9F",
            "pantone_value": "18-3943"
        },
        {
            "id": 10,
            "name": "mimosa",
            "year": 2009,
            "color": "#F0C05A",
            "pantone_value": "14-0848"
        },
        {
            "id": 11,
            "name": "turquoise",
            "year": 2010,
            "color": "#45B5AA",
            "pantone_value": "15-5519"
        },
        {
            "id": 12,
            "name": "honeysuckle",
            "year": 2011,
            "color": "#D94F70",
            "pantone_value": "18-2120"
        }
    ],
    "support": {
        "url": "https://reqres.in/#support-heading",
        "text": "To keep ReqRes free, contributions towards server costs are appreciated!"
    }
}
Request method:	PATCH
Request URI:	https://reqres.in/api/user/2
Proxy:			<none>
Request params:	<none>
Query params:	<none>
Form params:	<none>
Path params:	<none>
Headers:		Accept=*/*
				Content-Type=application/json
Cookies:		<none>
Multiparts:		<none>
Body:
{
    "name": "morpheus",
    "job": "zion resident"
}
Request method:	PATCH
Request URI:	https://reqres.in/api/user/2
Proxy:			<none>
Request params:	<none>
Query params:	<none>
Form params:	<none>
Path params:	<none>
Headers:		Accept=*/*
				Content-Type=application/json
Cookies:		<none>
Multiparts:		<none>
Body:
{
    "name": "morpheus",
    "job": "zion resident"
}
Request method:	PATCH
Request URI:	https://reqres.in/api/user/2
Proxy:			<none>
Request params:	<none>
Query params:	<none>
Form params:	<none>
Path params:	<none>
Headers:		Accept=*/*
				Content-Type=application/json
Cookies:		<none>
Multiparts:		<none>
Body:
{
    "name": "morpheus",
    "job": "zion resident"
}
Request method:	PATCH
Request URI:	https://reqres.in/api/user/2
Proxy:			<none>
Request params:	<none>
Query params:	<none>
Form params:	<none>
Path params:	<none>
Headers:		Accept=*/*
				Content-Type=application/json
Cookies:		<none>
Multiparts:		<none>
Body:
{
    "name": "morpheus",
    "job": "zion resident"
}
HTTP/1.1 200 OK
Date: Wed, 02 Nov 2022 02:47:50 GMT
Content-Type: application/json; charset=utf-8
Transfer-Encoding: chunked
Connection: keep-alive
X-Powered-By: Express
Access-Control-Allow-Origin: *
Etag: W/"50-+Q7mq2J3eZ96unoNDVS52YvfbNc"
Via: 1.1 vegur
CF-Cache-Status: DYNAMIC
Report-To: {"endpoints":[{"url":"https:\/\/a.nel.cloudflare.com\/report\/v3?s=Gi9xyxrRyTDrne%2BLXdbz0kDynKSW4GudF4ASjb7xE%2BwEzI90syHFmAf%2BZ0NqjB4MxYNEz%2BPja%2FH9lCqyxUujr1Ta2zIFtY2J6uuvbyKjU7kP1mr0P%2B3PnfoL9g%3D%3D"}],"group":"cf-nel","max_age":604800}
NEL: {"success_fraction":0,"report_to":"cf-nel","max_age":604800}
Server: cloudflare
CF-RAY: 76398c383feeb3ce-MIA
Content-Encoding: gzip

{
    "name": "morpheus",
    "job": "zion resident",
    "updatedAt": "2022-11-02T02:47:49.987Z"
}
HTTP/1.1 200 OK
Date: Wed, 02 Nov 2022 02:47:50 GMT
Content-Type: application/json; charset=utf-8
Transfer-Encoding: chunked
Connection: keep-alive
X-Powered-By: Express
Access-Control-Allow-Origin: *
Etag: W/"50-+Q7mq2J3eZ96unoNDVS52YvfbNc"
Via: 1.1 vegur
CF-Cache-Status: DYNAMIC
Report-To: {"endpoints":[{"url":"https:\/\/a.nel.cloudflare.com\/report\/v3?s=Gi9xyxrRyTDrne%2BLXdbz0kDynKSW4GudF4ASjb7xE%2BwEzI90syHFmAf%2BZ0NqjB4MxYNEz%2BPja%2FH9lCqyxUujr1Ta2zIFtY2J6uuvbyKjU7kP1mr0P%2B3PnfoL9g%3D%3D"}],"group":"cf-nel","max_age":604800}
NEL: {"success_fraction":0,"report_to":"cf-nel","max_age":604800}
Server: cloudflare
CF-RAY: 76398c383feeb3ce-MIA
Content-Encoding: gzip

{
    "name": "morpheus",
    "job": "zion resident",
    "updatedAt": "2022-11-02T02:47:49.987Z"
}
HTTP/1.1 200 OK
Date: Wed, 02 Nov 2022 02:47:50 GMT
Content-Type: application/json; charset=utf-8
Transfer-Encoding: chunked
Connection: keep-alive
X-Powered-By: Express
Access-Control-Allow-Origin: *
Etag: W/"50-+Q7mq2J3eZ96unoNDVS52YvfbNc"
Via: 1.1 vegur
CF-Cache-Status: DYNAMIC
Report-To: {"endpoints":[{"url":"https:\/\/a.nel.cloudflare.com\/report\/v3?s=Gi9xyxrRyTDrne%2BLXdbz0kDynKSW4GudF4ASjb7xE%2BwEzI90syHFmAf%2BZ0NqjB4MxYNEz%2BPja%2FH9lCqyxUujr1Ta2zIFtY2J6uuvbyKjU7kP1mr0P%2B3PnfoL9g%3D%3D"}],"group":"cf-nel","max_age":604800}
NEL: {"success_fraction":0,"report_to":"cf-nel","max_age":604800}
Server: cloudflare
CF-RAY: 76398c383feeb3ce-MIA
Content-Encoding: gzip

{
    "name": "morpheus",
    "job": "zion resident",
    "updatedAt": "2022-11-02T02:47:49.987Z"
}
HTTP/1.1 200 OK
Date: Wed, 02 Nov 2022 02:47:50 GMT
Content-Type: application/json; charset=utf-8
Transfer-Encoding: chunked
Connection: keep-alive
X-Powered-By: Express
Access-Control-Allow-Origin: *
Etag: W/"50-+Q7mq2J3eZ96unoNDVS52YvfbNc"
Via: 1.1 vegur
CF-Cache-Status: DYNAMIC
Report-To: {"endpoints":[{"url":"https:\/\/a.nel.cloudflare.com\/report\/v3?s=Gi9xyxrRyTDrne%2BLXdbz0kDynKSW4GudF4ASjb7xE%2BwEzI90syHFmAf%2BZ0NqjB4MxYNEz%2BPja%2FH9lCqyxUujr1Ta2zIFtY2J6uuvbyKjU7kP1mr0P%2B3PnfoL9g%3D%3D"}],"group":"cf-nel","max_age":604800}
NEL: {"success_fraction":0,"report_to":"cf-nel","max_age":604800}
Server: cloudflare
CF-RAY: 76398c383feeb3ce-MIA
Content-Encoding: gzip

{
    "name": "morpheus",
    "job": "zion resident",
    "updatedAt": "2022-11-02T02:47:49.987Z"
}
Request method:	PUT
Request URI:	https://reqres.in/api/users/7
Proxy:			<none>
Request params:	<none>
Query params:	<none>
Form params:	<none>
Path params:	<none>
Headers:		Accept=*/*
				Content-Type=application/json
Cookies:		<none>
Multiparts:		<none>
Body:
{
    "email": "eve.holt@reqres.in",
    "password": "cityslicka"
}
Request method:	PUT
Request URI:	https://reqres.in/api/users/7
Proxy:			<none>
Request params:	<none>
Query params:	<none>
Form params:	<none>
Path params:	<none>
Headers:		Accept=*/*
				Content-Type=application/json
Cookies:		<none>
Multiparts:		<none>
Body:
{
    "email": "eve.holt@reqres.in",
    "password": "cityslicka"
}
Request method:	PUT
Request URI:	https://reqres.in/api/users/7
Proxy:			<none>
Request params:	<none>
Query params:	<none>
Form params:	<none>
Path params:	<none>
Headers:		Accept=*/*
				Content-Type=application/json
Cookies:		<none>
Multiparts:		<none>
Body:
{
    "email": "eve.holt@reqres.in",
    "password": "cityslicka"
}
Request method:	PUT
Request URI:	https://reqres.in/api/users/7
Proxy:			<none>
Request params:	<none>
Query params:	<none>
Form params:	<none>
Path params:	<none>
Headers:		Accept=*/*
				Content-Type=application/json
Cookies:		<none>
Multiparts:		<none>
Body:
{
    "email": "eve.holt@reqres.in",
    "password": "cityslicka"
}
Request method:	PUT
Request URI:	https://reqres.in/api/users/7
Proxy:			<none>
Request params:	<none>
Query params:	<none>
Form params:	<none>
Path params:	<none>
Headers:		Accept=*/*
				Content-Type=application/json
Cookies:		<none>
Multiparts:		<none>
Body:
{
    "email": "eve.holt@reqres.in",
    "password": "cityslicka"
}
HTTP/1.1 200 OK
Date: Wed, 02 Nov 2022 02:47:50 GMT
Content-Type: application/json; charset=utf-8
Transfer-Encoding: chunked
Connection: keep-alive
X-Powered-By: Express
Access-Control-Allow-Origin: *
Etag: W/"5d-hxRc6E2rINDvi1V7NFj7miCKpkc"
Via: 1.1 vegur
CF-Cache-Status: DYNAMIC
Report-To: {"endpoints":[{"url":"https:\/\/a.nel.cloudflare.com\/report\/v3?s=8eaebcQLx7Y1cMWGRsw0h1j%2B9aTz7MXWI2LecjUQQAjfeWCqWWlxw2mraEbNN7DuCiaIGncgJAw%2BFECmvWsn7vmDyUQRYwLvhfbkaJKfnftn3LsYN5DvlqG6vQ%3D%3D"}],"group":"cf-nel","max_age":604800}
NEL: {"success_fraction":0,"report_to":"cf-nel","max_age":604800}
Vary: Accept-Encoding
Server: cloudflare
CF-RAY: 76398c3c48498dde-MIA
Content-Encoding: gzip

{
    "email": "eve.holt@reqres.in",
    "password": "cityslicka",
    "updatedAt": "2022-11-02T02:47:50.650Z"
}
HTTP/1.1 200 OK
Date: Wed, 02 Nov 2022 02:47:50 GMT
Content-Type: application/json; charset=utf-8
Transfer-Encoding: chunked
Connection: keep-alive
X-Powered-By: Express
Access-Control-Allow-Origin: *
Etag: W/"5d-hxRc6E2rINDvi1V7NFj7miCKpkc"
Via: 1.1 vegur
CF-Cache-Status: DYNAMIC
Report-To: {"endpoints":[{"url":"https:\/\/a.nel.cloudflare.com\/report\/v3?s=8eaebcQLx7Y1cMWGRsw0h1j%2B9aTz7MXWI2LecjUQQAjfeWCqWWlxw2mraEbNN7DuCiaIGncgJAw%2BFECmvWsn7vmDyUQRYwLvhfbkaJKfnftn3LsYN5DvlqG6vQ%3D%3D"}],"group":"cf-nel","max_age":604800}
NEL: {"success_fraction":0,"report_to":"cf-nel","max_age":604800}
Vary: Accept-Encoding
Server: cloudflare
CF-RAY: 76398c3c48498dde-MIA
Content-Encoding: gzip

{
    "email": "eve.holt@reqres.in",
    "password": "cityslicka",
    "updatedAt": "2022-11-02T02:47:50.650Z"
}
HTTP/1.1 200 OK
Date: Wed, 02 Nov 2022 02:47:50 GMT
Content-Type: application/json; charset=utf-8
Transfer-Encoding: chunked
Connection: keep-alive
X-Powered-By: Express
Access-Control-Allow-Origin: *
Etag: W/"5d-hxRc6E2rINDvi1V7NFj7miCKpkc"
Via: 1.1 vegur
CF-Cache-Status: DYNAMIC
Report-To: {"endpoints":[{"url":"https:\/\/a.nel.cloudflare.com\/report\/v3?s=8eaebcQLx7Y1cMWGRsw0h1j%2B9aTz7MXWI2LecjUQQAjfeWCqWWlxw2mraEbNN7DuCiaIGncgJAw%2BFECmvWsn7vmDyUQRYwLvhfbkaJKfnftn3LsYN5DvlqG6vQ%3D%3D"}],"group":"cf-nel","max_age":604800}
NEL: {"success_fraction":0,"report_to":"cf-nel","max_age":604800}
Vary: Accept-Encoding
Server: cloudflare
CF-RAY: 76398c3c48498dde-MIA
Content-Encoding: gzip

{
    "email": "eve.holt@reqres.in",
    "password": "cityslicka",
    "updatedAt": "2022-11-02T02:47:50.650Z"
}
HTTP/1.1 200 OK
Date: Wed, 02 Nov 2022 02:47:50 GMT
Content-Type: application/json; charset=utf-8
Transfer-Encoding: chunked
Connection: keep-alive
X-Powered-By: Express
Access-Control-Allow-Origin: *
Etag: W/"5d-hxRc6E2rINDvi1V7NFj7miCKpkc"
Via: 1.1 vegur
CF-Cache-Status: DYNAMIC
Report-To: {"endpoints":[{"url":"https:\/\/a.nel.cloudflare.com\/report\/v3?s=8eaebcQLx7Y1cMWGRsw0h1j%2B9aTz7MXWI2LecjUQQAjfeWCqWWlxw2mraEbNN7DuCiaIGncgJAw%2BFECmvWsn7vmDyUQRYwLvhfbkaJKfnftn3LsYN5DvlqG6vQ%3D%3D"}],"group":"cf-nel","max_age":604800}
NEL: {"success_fraction":0,"report_to":"cf-nel","max_age":604800}
Vary: Accept-Encoding
Server: cloudflare
CF-RAY: 76398c3c48498dde-MIA
Content-Encoding: gzip

{
    "email": "eve.holt@reqres.in",
    "password": "cityslicka",
    "updatedAt": "2022-11-02T02:47:50.650Z"
}
HTTP/1.1 200 OK
Date: Wed, 02 Nov 2022 02:47:50 GMT
Content-Type: application/json; charset=utf-8
Transfer-Encoding: chunked
Connection: keep-alive
X-Powered-By: Express
Access-Control-Allow-Origin: *
Etag: W/"5d-hxRc6E2rINDvi1V7NFj7miCKpkc"
Via: 1.1 vegur
CF-Cache-Status: DYNAMIC
Report-To: {"endpoints":[{"url":"https:\/\/a.nel.cloudflare.com\/report\/v3?s=8eaebcQLx7Y1cMWGRsw0h1j%2B9aTz7MXWI2LecjUQQAjfeWCqWWlxw2mraEbNN7DuCiaIGncgJAw%2BFECmvWsn7vmDyUQRYwLvhfbkaJKfnftn3LsYN5DvlqG6vQ%3D%3D"}],"group":"cf-nel","max_age":604800}
NEL: {"success_fraction":0,"report_to":"cf-nel","max_age":604800}
Vary: Accept-Encoding
Server: cloudflare
CF-RAY: 76398c3c48498dde-MIA
Content-Encoding: gzip

{
    "email": "eve.holt@reqres.in",
    "password": "cityslicka",
    "updatedAt": "2022-11-02T02:47:50.650Z"
}
Request method:	DELETE
Request URI:	https://reqres.in/api/users/2
Proxy:			<none>
Request params:	<none>
Query params:	<none>
Form params:	<none>
Path params:	<none>
Headers:		Accept=*/*
				Content-Type=application/json
Cookies:		<none>
Multiparts:		<none>
Body:			<none>
Request method:	DELETE
Request URI:	https://reqres.in/api/users/2
Proxy:			<none>
Request params:	<none>
Query params:	<none>
Form params:	<none>
Path params:	<none>
Headers:		Accept=*/*
				Content-Type=application/json
Cookies:		<none>
Multiparts:		<none>
Body:			<none>
Request method:	DELETE
Request URI:	https://reqres.in/api/users/2
Proxy:			<none>
Request params:	<none>
Query params:	<none>
Form params:	<none>
Path params:	<none>
Headers:		Accept=*/*
				Content-Type=application/json
Cookies:		<none>
Multiparts:		<none>
Body:			<none>
Request method:	DELETE
Request URI:	https://reqres.in/api/users/2
Proxy:			<none>
Request params:	<none>
Query params:	<none>
Form params:	<none>
Path params:	<none>
Headers:		Accept=*/*
				Content-Type=application/json
Cookies:		<none>
Multiparts:		<none>
Body:			<none>
Request method:	DELETE
Request URI:	https://reqres.in/api/users/2
Proxy:			<none>
Request params:	<none>
Query params:	<none>
Form params:	<none>
Path params:	<none>
Headers:		Accept=*/*
				Content-Type=application/json
Cookies:		<none>
Multiparts:		<none>
Body:			<none>
Request method:	DELETE
Request URI:	https://reqres.in/api/users/2
Proxy:			<none>
Request params:	<none>
Query params:	<none>
Form params:	<none>
Path params:	<none>
Headers:		Accept=*/*
				Content-Type=application/json
Cookies:		<none>
Multiparts:		<none>
Body:			<none>
HTTP/1.1 204 No Content
Date: Wed, 02 Nov 2022 02:47:51 GMT
Content-Length: 0
Connection: keep-alive
X-Powered-By: Express
Access-Control-Allow-Origin: *
Etag: W/"2-vyGp6PvFo4RvsFtPoIWeCReyIC8"
Via: 1.1 vegur
CF-Cache-Status: DYNAMIC
Report-To: {"endpoints":[{"url":"https:\/\/a.nel.cloudflare.com\/report\/v3?s=k2mnW7y1tykFNCSyBCwiol6gvkcoRau6F5FAQonBM%2F%2BFgEkhiR8lUPmSmD%2BWt9zhPUaS6g0sz5oIVcl0WIpVFPlveaBEx7%2B4w04xTai%2FPWp%2BV7gqvwyk8bJFSQ%3D%3D"}],"group":"cf-nel","max_age":604800}
NEL: {"success_fraction":0,"report_to":"cf-nel","max_age":604800}
Server: cloudflare
CF-RAY: 76398c3fc89e67db-MIA
HTTP/1.1 204 No Content
Date: Wed, 02 Nov 2022 02:47:51 GMT
Content-Length: 0
Connection: keep-alive
X-Powered-By: Express
Access-Control-Allow-Origin: *
Etag: W/"2-vyGp6PvFo4RvsFtPoIWeCReyIC8"
Via: 1.1 vegur
CF-Cache-Status: DYNAMIC
Report-To: {"endpoints":[{"url":"https:\/\/a.nel.cloudflare.com\/report\/v3?s=k2mnW7y1tykFNCSyBCwiol6gvkcoRau6F5FAQonBM%2F%2BFgEkhiR8lUPmSmD%2BWt9zhPUaS6g0sz5oIVcl0WIpVFPlveaBEx7%2B4w04xTai%2FPWp%2BV7gqvwyk8bJFSQ%3D%3D"}],"group":"cf-nel","max_age":604800}
NEL: {"success_fraction":0,"report_to":"cf-nel","max_age":604800}
Server: cloudflare
CF-RAY: 76398c3fc89e67db-MIA
HTTP/1.1 204 No Content
Date: Wed, 02 Nov 2022 02:47:51 GMT
Content-Length: 0
Connection: keep-alive
X-Powered-By: Express
Access-Control-Allow-Origin: *
Etag: W/"2-vyGp6PvFo4RvsFtPoIWeCReyIC8"
Via: 1.1 vegur
CF-Cache-Status: DYNAMIC
Report-To: {"endpoints":[{"url":"https:\/\/a.nel.cloudflare.com\/report\/v3?s=k2mnW7y1tykFNCSyBCwiol6gvkcoRau6F5FAQonBM%2F%2BFgEkhiR8lUPmSmD%2BWt9zhPUaS6g0sz5oIVcl0WIpVFPlveaBEx7%2B4w04xTai%2FPWp%2BV7gqvwyk8bJFSQ%3D%3D"}],"group":"cf-nel","max_age":604800}
NEL: {"success_fraction":0,"report_to":"cf-nel","max_age":604800}
Server: cloudflare
CF-RAY: 76398c3fc89e67db-MIA
HTTP/1.1 204 No Content
Date: Wed, 02 Nov 2022 02:47:51 GMT
Content-Length: 0
Connection: keep-alive
X-Powered-By: Express
Access-Control-Allow-Origin: *
Etag: W/"2-vyGp6PvFo4RvsFtPoIWeCReyIC8"
Via: 1.1 vegur
CF-Cache-Status: DYNAMIC
Report-To: {"endpoints":[{"url":"https:\/\/a.nel.cloudflare.com\/report\/v3?s=k2mnW7y1tykFNCSyBCwiol6gvkcoRau6F5FAQonBM%2F%2BFgEkhiR8lUPmSmD%2BWt9zhPUaS6g0sz5oIVcl0WIpVFPlveaBEx7%2B4w04xTai%2FPWp%2BV7gqvwyk8bJFSQ%3D%3D"}],"group":"cf-nel","max_age":604800}
NEL: {"success_fraction":0,"report_to":"cf-nel","max_age":604800}
Server: cloudflare
CF-RAY: 76398c3fc89e67db-MIA
HTTP/1.1 204 No Content
Date: Wed, 02 Nov 2022 02:47:51 GMT
Content-Length: 0
Connection: keep-alive
X-Powered-By: Express
Access-Control-Allow-Origin: *
Etag: W/"2-vyGp6PvFo4RvsFtPoIWeCReyIC8"
Via: 1.1 vegur
CF-Cache-Status: DYNAMIC
Report-To: {"endpoints":[{"url":"https:\/\/a.nel.cloudflare.com\/report\/v3?s=k2mnW7y1tykFNCSyBCwiol6gvkcoRau6F5FAQonBM%2F%2BFgEkhiR8lUPmSmD%2BWt9zhPUaS6g0sz5oIVcl0WIpVFPlveaBEx7%2B4w04xTai%2FPWp%2BV7gqvwyk8bJFSQ%3D%3D"}],"group":"cf-nel","max_age":604800}
NEL: {"success_fraction":0,"report_to":"cf-nel","max_age":604800}
Server: cloudflare
CF-RAY: 76398c3fc89e67db-MIA
HTTP/1.1 204 No Content
Date: Wed, 02 Nov 2022 02:47:51 GMT
Content-Length: 0
Connection: keep-alive
X-Powered-By: Express
Access-Control-Allow-Origin: *
Etag: W/"2-vyGp6PvFo4RvsFtPoIWeCReyIC8"
Via: 1.1 vegur
CF-Cache-Status: DYNAMIC
Report-To: {"endpoints":[{"url":"https:\/\/a.nel.cloudflare.com\/report\/v3?s=k2mnW7y1tykFNCSyBCwiol6gvkcoRau6F5FAQonBM%2F%2BFgEkhiR8lUPmSmD%2BWt9zhPUaS6g0sz5oIVcl0WIpVFPlveaBEx7%2B4w04xTai%2FPWp%2BV7gqvwyk8bJFSQ%3D%3D"}],"group":"cf-nel","max_age":604800}
NEL: {"success_fraction":0,"report_to":"cf-nel","max_age":604800}
Server: cloudflare
CF-RAY: 76398c3fc89e67db-MIA
]]></system-out>
  <system-err><![CDATA[]]></system-err>
</testsuite>
